+ export REMAPSHTR=/home/mbruckner/FV3GFS-GSDCHEM.0.9.1/release/v0/exp/../ush/fv3gfs.5degll.only.sh
+ REMAPSHTR=/home/mbruckner/FV3GFS-GSDCHEM.0.9.1/release/v0/exp/../ush/fv3gfs.5degll.only.sh
+ export new_date=/home/lenzen/UTILS/da_advance_time.exe
+ new_date=/home/lenzen/UTILS/da_advance_time.exe
+ export INC=1
+ INC=1
+ echo INC FHMAX 6
INC FHMAX 6
+ echo SCRATCH_OUT /scratch/users/mbruckner/FV3GFS.9.1.2019//TROPOMI.CO.ASSIM.limitocean/C192/
SCRATCH_OUT /scratch/users/mbruckner/FV3GFS.9.1.2019//TROPOMI.CO.ASSIM.limitocean/C192/
+ sleep 5
+ echo CDATE 2019071612
CDATE 2019071612
+ (( i=1  ))
+ (( i <= 6  ))
++ /home/lenzen/UTILS/da_advance_time.exe 2019071612 1h
+ export CDATEF=2019071613
+ CDATEF=2019071613
+ echo CDATEF 2019071613
CDATEF 2019071613
+ (( i += 1 ))
+ (( i <= 6  ))
+ /home/mbruckner/FV3GFS-GSDCHEM.0.9.1/release/v0/exp/../ush/fv3gfs.5degll.only.sh
++ /home/lenzen/UTILS/da_advance_time.exe 2019071612 2h
+ export CDATEF=2019071614
+ CDATEF=2019071614
+ echo CDATEF 2019071614
CDATEF 2019071614
+ (( i += 1 ))
+ (( i <= 6  ))
+ /home/mbruckner/FV3GFS-GSDCHEM.0.9.1/release/v0/exp/../ush/fv3gfs.5degll.only.sh
++ /home/lenzen/UTILS/da_advance_time.exe 2019071612 3h
+ export CDATEF=2019071615
+ CDATEF=2019071615
+ echo CDATEF 2019071615
CDATEF 2019071615
+ (( i += 1 ))
+ /home/mbruckner/FV3GFS-GSDCHEM.0.9.1/release/v0/exp/../ush/fv3gfs.5degll.only.sh
+ (( i <= 6  ))
++ /home/lenzen/UTILS/da_advance_time.exe 2019071612 4h
+ export CDATEF=2019071616
+ CDATEF=2019071616
+ echo CDATEF 2019071616
CDATEF 2019071616
+ (( i += 1 ))
+ /home/mbruckner/FV3GFS-GSDCHEM.0.9.1/release/v0/exp/../ush/fv3gfs.5degll.only.sh
+ (( i <= 6  ))
++ /home/lenzen/UTILS/da_advance_time.exe 2019071612 5h
+ export CDATEF=2019071617
+ CDATEF=2019071617
+ echo CDATEF 2019071617
CDATEF 2019071617
+ (( i += 1 ))
+ (( i <= 6  ))
+ /home/mbruckner/FV3GFS-GSDCHEM.0.9.1/release/v0/exp/../ush/fv3gfs.5degll.only.sh
++ /home/lenzen/UTILS/da_advance_time.exe 2019071612 6h
+ export CDATEF=2019071618
+ CDATEF=2019071618
+ echo CDATEF 2019071618
CDATEF 2019071618
+ (( i += 1 ))
+ (( i <= 6  ))
+ wait
+ /home/mbruckner/FV3GFS-GSDCHEM.0.9.1/release/v0/exp/../ush/fv3gfs.5degll.only.sh
