+ export REMAPSHTR=/home/mbruckner/FV3GFS-GSDCHEM.0.9.1/release/v0/exp/../ush/fv3gfs.5degll.only.sh
+ REMAPSHTR=/home/mbruckner/FV3GFS-GSDCHEM.0.9.1/release/v0/exp/../ush/fv3gfs.5degll.only.sh
+ export new_date=/home/lenzen/UTILS/da_advance_time.exe
+ new_date=/home/lenzen/UTILS/da_advance_time.exe
+ export INC=1
+ INC=1
+ echo INC FHMAX 6
INC FHMAX 6
+ echo SCRATCH_OUT /scratch/users/mbruckner/FV3GFS.9.1.2019//TROPOMI.CO.ASSIM.limitocean/C192/
SCRATCH_OUT /scratch/users/mbruckner/FV3GFS.9.1.2019//TROPOMI.CO.ASSIM.limitocean/C192/
+ sleep 5
+ echo CDATE 2019073118
CDATE 2019073118
+ (( i=1  ))
+ (( i <= 6  ))
++ /home/lenzen/UTILS/da_advance_time.exe 2019073118 1h
+ export CDATEF=2019073119
+ CDATEF=2019073119
+ echo CDATEF 2019073119
CDATEF 2019073119
+ (( i += 1 ))
+ (( i <= 6  ))
+ /home/mbruckner/FV3GFS-GSDCHEM.0.9.1/release/v0/exp/../ush/fv3gfs.5degll.only.sh
++ /home/lenzen/UTILS/da_advance_time.exe 2019073118 2h
+ export CDATEF=2019073120
+ CDATEF=2019073120
+ echo CDATEF 2019073120
CDATEF 2019073120
+ (( i += 1 ))
+ (( i <= 6  ))
+ /home/mbruckner/FV3GFS-GSDCHEM.0.9.1/release/v0/exp/../ush/fv3gfs.5degll.only.sh
++ /home/lenzen/UTILS/da_advance_time.exe 2019073118 3h
+ export CDATEF=2019073121
+ CDATEF=2019073121
+ echo CDATEF 2019073121
CDATEF 2019073121
+ (( i += 1 ))
+ (( i <= 6  ))
+ /home/mbruckner/FV3GFS-GSDCHEM.0.9.1/release/v0/exp/../ush/fv3gfs.5degll.only.sh
++ /home/lenzen/UTILS/da_advance_time.exe 2019073118 4h
+ export CDATEF=2019073122
+ CDATEF=2019073122
+ echo CDATEF 2019073122
CDATEF 2019073122
+ (( i += 1 ))
+ (( i <= 6  ))
+ /home/mbruckner/FV3GFS-GSDCHEM.0.9.1/release/v0/exp/../ush/fv3gfs.5degll.only.sh
++ /home/lenzen/UTILS/da_advance_time.exe 2019073118 5h
+ export CDATEF=2019073123
+ CDATEF=2019073123
+ echo CDATEF 2019073123
CDATEF 2019073123
+ (( i += 1 ))
+ (( i <= 6  ))
+ /home/mbruckner/FV3GFS-GSDCHEM.0.9.1/release/v0/exp/../ush/fv3gfs.5degll.only.sh
++ /home/lenzen/UTILS/da_advance_time.exe 2019073118 6h
+ export CDATEF=2019080100
+ CDATEF=2019080100
+ echo CDATEF 2019080100
CDATEF 2019080100
+ (( i += 1 ))
+ (( i <= 6  ))
+ wait
+ /home/mbruckner/FV3GFS-GSDCHEM.0.9.1/release/v0/exp/../ush/fv3gfs.5degll.only.sh
