+ export REMAPSHTR=/home/mbruckner/FV3GFS-GSDCHEM.0.9.1/release/v0/exp/../ush/fv3gfs.5degll.only.sh
+ REMAPSHTR=/home/mbruckner/FV3GFS-GSDCHEM.0.9.1/release/v0/exp/../ush/fv3gfs.5degll.only.sh
+ export new_date=/home/lenzen/UTILS/da_advance_time.exe
+ new_date=/home/lenzen/UTILS/da_advance_time.exe
+ export INC=1
+ INC=1
+ echo INC FHMAX 6
INC FHMAX 6
+ echo SCRATCH_OUT /scratch/users/mbruckner/FV3GFS.9.1.2019//TROPOMI.CO.ASSIM.limitocean/C192/
SCRATCH_OUT /scratch/users/mbruckner/FV3GFS.9.1.2019//TROPOMI.CO.ASSIM.limitocean/C192/
+ sleep 5
+ echo CDATE 2019092506
CDATE 2019092506
+ (( i=1  ))
+ (( i <= 6  ))
++ /home/lenzen/UTILS/da_advance_time.exe 2019092506 1h
+ export CDATEF=2019092507
+ CDATEF=2019092507
+ echo CDATEF 2019092507
CDATEF 2019092507
+ (( i += 1 ))
+ (( i <= 6  ))
+ /home/mbruckner/FV3GFS-GSDCHEM.0.9.1/release/v0/exp/../ush/fv3gfs.5degll.only.sh
++ /home/lenzen/UTILS/da_advance_time.exe 2019092506 2h
+ export CDATEF=2019092508
+ CDATEF=2019092508
+ echo CDATEF 2019092508
CDATEF 2019092508
+ (( i += 1 ))
+ (( i <= 6  ))
+ /home/mbruckner/FV3GFS-GSDCHEM.0.9.1/release/v0/exp/../ush/fv3gfs.5degll.only.sh
++ /home/lenzen/UTILS/da_advance_time.exe 2019092506 3h
+ export CDATEF=2019092509
+ CDATEF=2019092509
+ echo CDATEF 2019092509
CDATEF 2019092509
+ (( i += 1 ))
+ /home/mbruckner/FV3GFS-GSDCHEM.0.9.1/release/v0/exp/../ush/fv3gfs.5degll.only.sh
+ (( i <= 6  ))
++ /home/lenzen/UTILS/da_advance_time.exe 2019092506 4h
+ export CDATEF=2019092510
+ CDATEF=2019092510
+ echo CDATEF 2019092510
CDATEF 2019092510
+ (( i += 1 ))
+ /home/mbruckner/FV3GFS-GSDCHEM.0.9.1/release/v0/exp/../ush/fv3gfs.5degll.only.sh
+ (( i <= 6  ))
++ /home/lenzen/UTILS/da_advance_time.exe 2019092506 5h
+ export CDATEF=2019092511
+ CDATEF=2019092511
+ echo CDATEF 2019092511
CDATEF 2019092511
+ (( i += 1 ))
+ (( i <= 6  ))
+ /home/mbruckner/FV3GFS-GSDCHEM.0.9.1/release/v0/exp/../ush/fv3gfs.5degll.only.sh
++ /home/lenzen/UTILS/da_advance_time.exe 2019092506 6h
+ export CDATEF=2019092512
+ CDATEF=2019092512
+ echo CDATEF 2019092512
CDATEF 2019092512
+ (( i += 1 ))
+ (( i <= 6  ))
+ wait
+ /home/mbruckner/FV3GFS-GSDCHEM.0.9.1/release/v0/exp/../ush/fv3gfs.5degll.only.sh
