+ export REMAPSHTR=/home/mbruckner/FV3GFS-GSDCHEM.0.9.1/release/v0/exp/../ush/fv3gfs.5degll.only.sh
+ REMAPSHTR=/home/mbruckner/FV3GFS-GSDCHEM.0.9.1/release/v0/exp/../ush/fv3gfs.5degll.only.sh
+ export new_date=/home/lenzen/UTILS/da_advance_time.exe
+ new_date=/home/lenzen/UTILS/da_advance_time.exe
+ export INC=1
+ INC=1
+ echo INC FHMAX 6
INC FHMAX 6
+ echo SCRATCH_OUT /scratch/users/mbruckner/FV3GFS.9.1.2019//TROPOMI.CO.ASSIM.limitocean/C192/
SCRATCH_OUT /scratch/users/mbruckner/FV3GFS.9.1.2019//TROPOMI.CO.ASSIM.limitocean/C192/
+ sleep 5
+ echo CDATE 2019081406
CDATE 2019081406
+ (( i=1  ))
+ (( i <= 6  ))
++ /home/lenzen/UTILS/da_advance_time.exe 2019081406 1h
+ export CDATEF=2019081407
+ CDATEF=2019081407
+ echo CDATEF 2019081407
CDATEF 2019081407
+ (( i += 1 ))
+ (( i <= 6  ))
+ /home/mbruckner/FV3GFS-GSDCHEM.0.9.1/release/v0/exp/../ush/fv3gfs.5degll.only.sh
++ /home/lenzen/UTILS/da_advance_time.exe 2019081406 2h
+ export CDATEF=2019081408
+ CDATEF=2019081408
+ echo CDATEF 2019081408
CDATEF 2019081408
+ (( i += 1 ))
+ (( i <= 6  ))
+ /home/mbruckner/FV3GFS-GSDCHEM.0.9.1/release/v0/exp/../ush/fv3gfs.5degll.only.sh
++ /home/lenzen/UTILS/da_advance_time.exe 2019081406 3h
+ export CDATEF=2019081409
+ CDATEF=2019081409
+ echo CDATEF 2019081409
CDATEF 2019081409
+ (( i += 1 ))
+ (( i <= 6  ))
+ /home/mbruckner/FV3GFS-GSDCHEM.0.9.1/release/v0/exp/../ush/fv3gfs.5degll.only.sh
++ /home/lenzen/UTILS/da_advance_time.exe 2019081406 4h
+ export CDATEF=2019081410
+ CDATEF=2019081410
+ echo CDATEF 2019081410
CDATEF 2019081410
+ (( i += 1 ))
+ (( i <= 6  ))
+ /home/mbruckner/FV3GFS-GSDCHEM.0.9.1/release/v0/exp/../ush/fv3gfs.5degll.only.sh
++ /home/lenzen/UTILS/da_advance_time.exe 2019081406 5h
+ export CDATEF=2019081411
+ CDATEF=2019081411
+ echo CDATEF 2019081411
CDATEF 2019081411
+ (( i += 1 ))
+ (( i <= 6  ))
+ /home/mbruckner/FV3GFS-GSDCHEM.0.9.1/release/v0/exp/../ush/fv3gfs.5degll.only.sh
++ /home/lenzen/UTILS/da_advance_time.exe 2019081406 6h
+ export CDATEF=2019081412
+ CDATEF=2019081412
+ echo CDATEF 2019081412
CDATEF 2019081412
+ (( i += 1 ))
+ (( i <= 6  ))
+ wait
+ /home/mbruckner/FV3GFS-GSDCHEM.0.9.1/release/v0/exp/../ush/fv3gfs.5degll.only.sh
