+ export REMAPSHTR=/home/mbruckner/FV3GFS-GSDCHEM.0.9.1/release/v0/exp/../ush/fv3gfs.5degll.only.sh
+ REMAPSHTR=/home/mbruckner/FV3GFS-GSDCHEM.0.9.1/release/v0/exp/../ush/fv3gfs.5degll.only.sh
+ export new_date=/home/lenzen/UTILS/da_advance_time.exe
+ new_date=/home/lenzen/UTILS/da_advance_time.exe
+ export INC=1
+ INC=1
+ echo INC FHMAX 6
INC FHMAX 6
+ echo SCRATCH_OUT /scratch/users/mbruckner/FV3GFS.9.1.2019//TROPOMI.CO.ASSIM.limitocean/C192/
SCRATCH_OUT /scratch/users/mbruckner/FV3GFS.9.1.2019//TROPOMI.CO.ASSIM.limitocean/C192/
+ sleep 5
+ echo CDATE 2019080600
CDATE 2019080600
+ (( i=1  ))
+ (( i <= 6  ))
++ /home/lenzen/UTILS/da_advance_time.exe 2019080600 1h
+ export CDATEF=2019080601
+ CDATEF=2019080601
+ echo CDATEF 2019080601
CDATEF 2019080601
+ (( i += 1 ))
+ (( i <= 6  ))
+ /home/mbruckner/FV3GFS-GSDCHEM.0.9.1/release/v0/exp/../ush/fv3gfs.5degll.only.sh
++ /home/lenzen/UTILS/da_advance_time.exe 2019080600 2h
+ export CDATEF=2019080602
+ CDATEF=2019080602
+ echo CDATEF 2019080602
CDATEF 2019080602
+ (( i += 1 ))
+ (( i <= 6  ))
+ /home/mbruckner/FV3GFS-GSDCHEM.0.9.1/release/v0/exp/../ush/fv3gfs.5degll.only.sh
++ /home/lenzen/UTILS/da_advance_time.exe 2019080600 3h
+ export CDATEF=2019080603
+ CDATEF=2019080603
+ echo CDATEF 2019080603
CDATEF 2019080603
+ (( i += 1 ))
+ (( i <= 6  ))
+ /home/mbruckner/FV3GFS-GSDCHEM.0.9.1/release/v0/exp/../ush/fv3gfs.5degll.only.sh
++ /home/lenzen/UTILS/da_advance_time.exe 2019080600 4h
+ export CDATEF=2019080604
+ CDATEF=2019080604
+ echo CDATEF 2019080604
CDATEF 2019080604
+ (( i += 1 ))
+ (( i <= 6  ))
+ /home/mbruckner/FV3GFS-GSDCHEM.0.9.1/release/v0/exp/../ush/fv3gfs.5degll.only.sh
++ /home/lenzen/UTILS/da_advance_time.exe 2019080600 5h
+ export CDATEF=2019080605
+ CDATEF=2019080605
+ echo CDATEF 2019080605
CDATEF 2019080605
+ (( i += 1 ))
+ (( i <= 6  ))
+ /home/mbruckner/FV3GFS-GSDCHEM.0.9.1/release/v0/exp/../ush/fv3gfs.5degll.only.sh
++ /home/lenzen/UTILS/da_advance_time.exe 2019080600 6h
+ export CDATEF=2019080606
+ CDATEF=2019080606
+ echo CDATEF 2019080606
CDATEF 2019080606
+ (( i += 1 ))
+ (( i <= 6  ))
+ wait
+ /home/mbruckner/FV3GFS-GSDCHEM.0.9.1/release/v0/exp/../ush/fv3gfs.5degll.only.sh
