+ export REMAPSHTR=/home/mbruckner/FV3GFS-GSDCHEM.0.9.1/release/v0/exp/../ush/fv3gfs.5degll.only.sh
+ REMAPSHTR=/home/mbruckner/FV3GFS-GSDCHEM.0.9.1/release/v0/exp/../ush/fv3gfs.5degll.only.sh
+ export new_date=/home/lenzen/UTILS/da_advance_time.exe
+ new_date=/home/lenzen/UTILS/da_advance_time.exe
+ export INC=1
+ INC=1
+ echo INC FHMAX 6
INC FHMAX 6
+ echo SCRATCH_OUT /scratch/users/mbruckner/FV3GFS.9.1.2019//TROPOMI.CO.ASSIM.limitocean/C192/
SCRATCH_OUT /scratch/users/mbruckner/FV3GFS.9.1.2019//TROPOMI.CO.ASSIM.limitocean/C192/
+ sleep 5
+ echo CDATE 2019080912
CDATE 2019080912
+ (( i=1  ))
+ (( i <= 6  ))
++ /home/lenzen/UTILS/da_advance_time.exe 2019080912 1h
+ export CDATEF=2019080913
+ CDATEF=2019080913
+ echo CDATEF 2019080913
CDATEF 2019080913
+ (( i += 1 ))
+ (( i <= 6  ))
+ /home/mbruckner/FV3GFS-GSDCHEM.0.9.1/release/v0/exp/../ush/fv3gfs.5degll.only.sh
++ /home/lenzen/UTILS/da_advance_time.exe 2019080912 2h
+ export CDATEF=2019080914
+ CDATEF=2019080914
+ echo CDATEF 2019080914
CDATEF 2019080914
+ (( i += 1 ))
+ (( i <= 6  ))
+ /home/mbruckner/FV3GFS-GSDCHEM.0.9.1/release/v0/exp/../ush/fv3gfs.5degll.only.sh
++ /home/lenzen/UTILS/da_advance_time.exe 2019080912 3h
+ export CDATEF=2019080915
+ CDATEF=2019080915
+ echo CDATEF 2019080915
CDATEF 2019080915
+ (( i += 1 ))
+ /home/mbruckner/FV3GFS-GSDCHEM.0.9.1/release/v0/exp/../ush/fv3gfs.5degll.only.sh
+ (( i <= 6  ))
++ /home/lenzen/UTILS/da_advance_time.exe 2019080912 4h
+ export CDATEF=2019080916
+ CDATEF=2019080916
+ echo CDATEF 2019080916
CDATEF 2019080916
+ (( i += 1 ))
+ /home/mbruckner/FV3GFS-GSDCHEM.0.9.1/release/v0/exp/../ush/fv3gfs.5degll.only.sh
+ (( i <= 6  ))
++ /home/lenzen/UTILS/da_advance_time.exe 2019080912 5h
+ export CDATEF=2019080917
+ CDATEF=2019080917
+ echo CDATEF 2019080917
CDATEF 2019080917
+ (( i += 1 ))
+ (( i <= 6  ))
+ /home/mbruckner/FV3GFS-GSDCHEM.0.9.1/release/v0/exp/../ush/fv3gfs.5degll.only.sh
++ /home/lenzen/UTILS/da_advance_time.exe 2019080912 6h
+ export CDATEF=2019080918
+ CDATEF=2019080918
+ echo CDATEF 2019080918
CDATEF 2019080918
+ (( i += 1 ))
+ (( i <= 6  ))
+ wait
+ /home/mbruckner/FV3GFS-GSDCHEM.0.9.1/release/v0/exp/../ush/fv3gfs.5degll.only.sh
