+ export REMAPSHTR=/home/mbruckner/FV3GFS-GSDCHEM.0.9.1/release/v0/exp/../ush/fv3gfs.5degll.only.sh
+ REMAPSHTR=/home/mbruckner/FV3GFS-GSDCHEM.0.9.1/release/v0/exp/../ush/fv3gfs.5degll.only.sh
+ export new_date=/home/lenzen/UTILS/da_advance_time.exe
+ new_date=/home/lenzen/UTILS/da_advance_time.exe
+ export INC=1
+ INC=1
+ echo INC FHMAX 6
INC FHMAX 6
+ echo SCRATCH_OUT /scratch/users/mbruckner/FV3GFS.9.1.2019//TROPOMI.CO.ASSIM.limitocean/C192/
SCRATCH_OUT /scratch/users/mbruckner/FV3GFS.9.1.2019//TROPOMI.CO.ASSIM.limitocean/C192/
+ sleep 5
+ echo CDATE 2019083012
CDATE 2019083012
+ (( i=1  ))
+ (( i <= 6  ))
++ /home/lenzen/UTILS/da_advance_time.exe 2019083012 1h
+ export CDATEF=2019083013
+ CDATEF=2019083013
+ echo CDATEF 2019083013
CDATEF 2019083013
+ (( i += 1 ))
+ (( i <= 6  ))
+ /home/mbruckner/FV3GFS-GSDCHEM.0.9.1/release/v0/exp/../ush/fv3gfs.5degll.only.sh
++ /home/lenzen/UTILS/da_advance_time.exe 2019083012 2h
+ export CDATEF=2019083014
+ CDATEF=2019083014
+ echo CDATEF 2019083014
CDATEF 2019083014
+ (( i += 1 ))
+ (( i <= 6  ))
+ /home/mbruckner/FV3GFS-GSDCHEM.0.9.1/release/v0/exp/../ush/fv3gfs.5degll.only.sh
++ /home/lenzen/UTILS/da_advance_time.exe 2019083012 3h
+ export CDATEF=2019083015
+ CDATEF=2019083015
+ echo CDATEF 2019083015
CDATEF 2019083015
+ (( i += 1 ))
+ (( i <= 6  ))
+ /home/mbruckner/FV3GFS-GSDCHEM.0.9.1/release/v0/exp/../ush/fv3gfs.5degll.only.sh
++ /home/lenzen/UTILS/da_advance_time.exe 2019083012 4h
+ export CDATEF=2019083016
+ CDATEF=2019083016
+ echo CDATEF 2019083016
CDATEF 2019083016
+ (( i += 1 ))
+ (( i <= 6  ))
+ /home/mbruckner/FV3GFS-GSDCHEM.0.9.1/release/v0/exp/../ush/fv3gfs.5degll.only.sh
++ /home/lenzen/UTILS/da_advance_time.exe 2019083012 5h
+ export CDATEF=2019083017
+ CDATEF=2019083017
+ echo CDATEF 2019083017
CDATEF 2019083017
+ (( i += 1 ))
+ (( i <= 6  ))
+ /home/mbruckner/FV3GFS-GSDCHEM.0.9.1/release/v0/exp/../ush/fv3gfs.5degll.only.sh
++ /home/lenzen/UTILS/da_advance_time.exe 2019083012 6h
+ export CDATEF=2019083018
+ CDATEF=2019083018
+ echo CDATEF 2019083018
CDATEF 2019083018
+ (( i += 1 ))
+ (( i <= 6  ))
+ /home/mbruckner/FV3GFS-GSDCHEM.0.9.1/release/v0/exp/../ush/fv3gfs.5degll.only.sh
+ wait
