+ export REMAPSHTR=/home/mbruckner/FV3GFS-GSDCHEM.0.9.1/release/v0/exp/../ush/fv3gfs.5degll.only.sh
+ REMAPSHTR=/home/mbruckner/FV3GFS-GSDCHEM.0.9.1/release/v0/exp/../ush/fv3gfs.5degll.only.sh
+ export new_date=/home/lenzen/UTILS/da_advance_time.exe
+ new_date=/home/lenzen/UTILS/da_advance_time.exe
+ export INC=6
+ INC=6
+ echo INC FHMAX 6
INC FHMAX 6
+ echo SCRATCH_OUT /scratch/users/mbruckner/FV3GFS.9.1.2019/O3.TROPOMI.CO.ASSIM/C192/
SCRATCH_OUT /scratch/users/mbruckner/FV3GFS.9.1.2019/O3.TROPOMI.CO.ASSIM/C192/
+ sleep 5
+ echo CDATE 2019092212
CDATE 2019092212
+ (( i=6  ))
+ (( i <= 6  ))
++ /home/lenzen/UTILS/da_advance_time.exe 2019092212 6h
+ export CDATEF=2019092218
+ CDATEF=2019092218
+ echo CDATEF 2019092218
CDATEF 2019092218
+ (( i += 6 ))
+ (( i <= 6  ))
+ wait
+ /home/mbruckner/FV3GFS-GSDCHEM.0.9.1/release/v0/exp/../ush/fv3gfs.5degll.only.sh
