+ export REMAPSHTR=/home/mbruckner/FV3GFS-GSDCHEM.0.9.1/release/v0/exp/../ush/fv3gfs.5degll.only.sh
+ REMAPSHTR=/home/mbruckner/FV3GFS-GSDCHEM.0.9.1/release/v0/exp/../ush/fv3gfs.5degll.only.sh
+ export new_date=/home/lenzen/UTILS/da_advance_time.exe
+ new_date=/home/lenzen/UTILS/da_advance_time.exe
+ export INC=1
+ INC=1
+ echo INC FHMAX 6
INC FHMAX 6
+ echo SCRATCH_OUT /scratch/users/mbruckner/FV3GFS.9.1.2019//TROPOMI.CO.ASSIM.limitocean/C192/
SCRATCH_OUT /scratch/users/mbruckner/FV3GFS.9.1.2019//TROPOMI.CO.ASSIM.limitocean/C192/
+ sleep 5
+ echo CDATE 2019072800
CDATE 2019072800
+ (( i=1  ))
+ (( i <= 6  ))
++ /home/lenzen/UTILS/da_advance_time.exe 2019072800 1h
+ export CDATEF=2019072801
+ CDATEF=2019072801
+ echo CDATEF 2019072801
CDATEF 2019072801
+ (( i += 1 ))
+ (( i <= 6  ))
+ /home/mbruckner/FV3GFS-GSDCHEM.0.9.1/release/v0/exp/../ush/fv3gfs.5degll.only.sh
++ /home/lenzen/UTILS/da_advance_time.exe 2019072800 2h
+ export CDATEF=2019072802
+ CDATEF=2019072802
+ echo CDATEF 2019072802
CDATEF 2019072802
+ (( i += 1 ))
+ (( i <= 6  ))
+ /home/mbruckner/FV3GFS-GSDCHEM.0.9.1/release/v0/exp/../ush/fv3gfs.5degll.only.sh
++ /home/lenzen/UTILS/da_advance_time.exe 2019072800 3h
+ export CDATEF=2019072803
+ CDATEF=2019072803
+ echo CDATEF 2019072803
CDATEF 2019072803
+ (( i += 1 ))
+ (( i <= 6  ))
+ /home/mbruckner/FV3GFS-GSDCHEM.0.9.1/release/v0/exp/../ush/fv3gfs.5degll.only.sh
++ /home/lenzen/UTILS/da_advance_time.exe 2019072800 4h
+ export CDATEF=2019072804
+ CDATEF=2019072804
+ echo CDATEF 2019072804
CDATEF 2019072804
+ (( i += 1 ))
+ (( i <= 6  ))
+ /home/mbruckner/FV3GFS-GSDCHEM.0.9.1/release/v0/exp/../ush/fv3gfs.5degll.only.sh
++ /home/lenzen/UTILS/da_advance_time.exe 2019072800 5h
+ export CDATEF=2019072805
+ CDATEF=2019072805
+ echo CDATEF 2019072805
CDATEF 2019072805
+ (( i += 1 ))
+ (( i <= 6  ))
+ /home/mbruckner/FV3GFS-GSDCHEM.0.9.1/release/v0/exp/../ush/fv3gfs.5degll.only.sh
++ /home/lenzen/UTILS/da_advance_time.exe 2019072800 6h
+ export CDATEF=2019072806
+ CDATEF=2019072806
+ echo CDATEF 2019072806
CDATEF 2019072806
+ (( i += 1 ))
+ (( i <= 6  ))
+ wait
+ /home/mbruckner/FV3GFS-GSDCHEM.0.9.1/release/v0/exp/../ush/fv3gfs.5degll.only.sh
