+ export REMAPSHTR=/home/lenzen/EMC_FV3/v91/EMC_FV3GFS-GSDCHEM/release/v0/exp/../ush/fv3gfs.5degll.only.sh
+ REMAPSHTR=/home/lenzen/EMC_FV3/v91/EMC_FV3GFS-GSDCHEM/release/v0/exp/../ush/fv3gfs.5degll.only.sh
+ export new_date=/home/lenzen/UTILS/da_advance_time.exe
+ new_date=/home/lenzen/UTILS/da_advance_time.exe
+ export INC=6
+ INC=6
+ echo INC FHMAX 6
INC FHMAX 6
+ echo SCRATCH_OUT /scratch/users/lenzen/FV3GFS.9.1.2019//O3.adj.iter4.CEDS.OMPS.NO2.NOY.200.500.10X.STRAT.KERNEL.NO2MPI/C192/
SCRATCH_OUT /scratch/users/lenzen/FV3GFS.9.1.2019//O3.adj.iter4.CEDS.OMPS.NO2.NOY.200.500.10X.STRAT.KERNEL.NO2MPI/C192/
+ sleep 5
+ echo CDATE 2023083112
CDATE 2023083112
+ (( i=6  ))
+ (( i <= 6  ))
++ /home/lenzen/UTILS/da_advance_time.exe 2023083112 6h
+ export CDATEF=2023083118
+ CDATEF=2023083118
+ echo CDATEF 2023083118
CDATEF 2023083118
+ (( i += 6 ))
+ (( i <= 6  ))
+ wait
+ /home/lenzen/EMC_FV3/v91/EMC_FV3GFS-GSDCHEM/release/v0/exp/../ush/fv3gfs.5degll.only.sh
