+ export REMAPSHTR=/home/lenzen/EMC_FV3/v91/EMC_FV3GFS-GSDCHEM/release/v0/exp/../ush/fv3gfs.5degll.only.sh
+ REMAPSHTR=/home/lenzen/EMC_FV3/v91/EMC_FV3GFS-GSDCHEM/release/v0/exp/../ush/fv3gfs.5degll.only.sh
+ export new_date=/home/lenzen/UTILS/da_advance_time.exe
+ new_date=/home/lenzen/UTILS/da_advance_time.exe
+ export INC=1
+ INC=1
+ echo INC FHMAX 6
INC FHMAX 6
+ echo SCRATCH_OUT /scratch/users/lenzen/FV3GFS.9.1.2019//O3.adj.iter4.CEDS.OMPS.NO2.NOY.200.500.10X.STRAT.KERNEL.NO2MPI/C192/
SCRATCH_OUT /scratch/users/lenzen/FV3GFS.9.1.2019//O3.adj.iter4.CEDS.OMPS.NO2.NOY.200.500.10X.STRAT.KERNEL.NO2MPI/C192/
+ sleep 5
+ echo CDATE 2023083118
CDATE 2023083118
+ (( i=1  ))
+ (( i <= 6  ))
++ /home/lenzen/UTILS/da_advance_time.exe 2023083118 1h
+ export CDATEF=2023083119
+ CDATEF=2023083119
+ echo CDATEF 2023083119
CDATEF 2023083119
+ (( i += 1 ))
+ (( i <= 6  ))
+ /home/lenzen/EMC_FV3/v91/EMC_FV3GFS-GSDCHEM/release/v0/exp/../ush/fv3gfs.5degll.only.sh
++ /home/lenzen/UTILS/da_advance_time.exe 2023083118 2h
+ export CDATEF=2023083120
+ CDATEF=2023083120
+ echo CDATEF 2023083120
CDATEF 2023083120
+ (( i += 1 ))
+ (( i <= 6  ))
+ /home/lenzen/EMC_FV3/v91/EMC_FV3GFS-GSDCHEM/release/v0/exp/../ush/fv3gfs.5degll.only.sh
++ /home/lenzen/UTILS/da_advance_time.exe 2023083118 3h
+ export CDATEF=2023083121
+ CDATEF=2023083121
+ echo CDATEF 2023083121
CDATEF 2023083121
+ (( i += 1 ))
+ (( i <= 6  ))
+ /home/lenzen/EMC_FV3/v91/EMC_FV3GFS-GSDCHEM/release/v0/exp/../ush/fv3gfs.5degll.only.sh
++ /home/lenzen/UTILS/da_advance_time.exe 2023083118 4h
+ export CDATEF=2023083122
+ CDATEF=2023083122
+ echo CDATEF 2023083122
CDATEF 2023083122
+ (( i += 1 ))
+ (( i <= 6  ))
+ /home/lenzen/EMC_FV3/v91/EMC_FV3GFS-GSDCHEM/release/v0/exp/../ush/fv3gfs.5degll.only.sh
++ /home/lenzen/UTILS/da_advance_time.exe 2023083118 5h
+ export CDATEF=2023083123
+ CDATEF=2023083123
+ echo CDATEF 2023083123
CDATEF 2023083123
+ (( i += 1 ))
+ (( i <= 6  ))
+ /home/lenzen/EMC_FV3/v91/EMC_FV3GFS-GSDCHEM/release/v0/exp/../ush/fv3gfs.5degll.only.sh
++ /home/lenzen/UTILS/da_advance_time.exe 2023083118 6h
+ export CDATEF=2023090100
+ CDATEF=2023090100
+ echo CDATEF 2023090100
CDATEF 2023090100
+ (( i += 1 ))
+ (( i <= 6  ))
+ wait
+ /home/lenzen/EMC_FV3/v91/EMC_FV3GFS-GSDCHEM/release/v0/exp/../ush/fv3gfs.5degll.only.sh
