This file contains any messages produced by compilers while
running configure, to aid debugging if configure makes a mistake.

It was created by raqmschem configure 0.1 , which was
generated by GNU Autoconf 2.69.  Invocation command line was

  $ ./configure --prefix=/home/mbruckner/FV3GFS-GSDCHEM.0.9.1/RAQMSCHEM_INSTALL --datarootdir=/home/mbruckner/FV3GFS-GSDCHEM.0.9.1/RAQMSCHEM_INSTALL --libdir=/home/mbruckner/FV3GFS-GSDCHEM.0.9.1/RAQMSCHEM_INSTALL

## --------- ##
## Platform. ##
## --------- ##

hostname = s4-submit.ssec.wisc.edu
uname -m = x86_64
uname -r = 3.10.0-957.1.3.el7.x86_64
uname -s = Linux
uname -v = #1 SMP Thu Nov 29 14:49:43 UTC 2018

/usr/bin/uname -p = x86_64
/bin/uname -X     = unknown

/bin/arch              = x86_64
/usr/bin/arch -k       = unknown
/usr/convex/getsysinfo = unknown
/usr/bin/hostinfo      = unknown
/bin/machine           = unknown
/usr/bin/oslevel       = unknown
/bin/universe          = unknown

PATH: /home/lenzen/ESMF.8.0.0.BS47.S4/esmf/bin/binO/Linux.intel.64.intelmpi.default
PATH: /opt/ncview/2.1.7-intel-18.0.3/bin
PATH: /opt/udunits/2.2.26-intel-18.0.3/bin
PATH: /opt/netcdf4/4.6.2-intel-18.0.3/bin
PATH: /opt/hdf5/1.8.21-intel-18.0.3/bin
PATH: /opt/hdf4/4.2.14-intel-18.0.3/bin
PATH: /opt/intel/18/advisor_2018.4.0.574144/bin64
PATH: /opt/intel/18/inspector_2018.4.0.574143/bin64
PATH: /opt/intel/18/itac/2018.4.025/intel64/bin
PATH: /opt/intel/18/compilers_and_libraries_2018.5.274/linux/bin/intel64
PATH: /opt/intel/18/compilers_and_libraries_2018.5.274/linux/mpi/intel64/bin
PATH: /usr/lib64/qt-3.3/bin
PATH: /usr/local/bin
PATH: /usr/bin
PATH: /usr/local/sbin
PATH: /usr/sbin
PATH: /opt/puppetlabs/bin
PATH: /opt/dell/srvadmin/bin
PATH: /data/users/lenzen/global-workflow_v16b/util/ush
PATH: /data/users/lenzen/global-workflow_v16b/util/ush/produtil
PATH: /data/users/lenzen/global-workflow_v16b/ush/rocoto
PATH: /home/mbruckner/.local/bin
PATH: /home/mbruckner/bin
PATH: /opt/intel/18/parallel_studio_xe_2018.4.057/bin


## ----------- ##
## Core tests. ##
## ----------- ##

configure:2347: checking for a BSD-compatible install
configure:2415: result: /usr/bin/install -c
configure:2426: checking whether build environment is sane
configure:2481: result: yes
configure:2632: checking for a thread-safe mkdir -p
configure:2671: result: /usr/bin/mkdir -p
configure:2678: checking for gawk
configure:2694: found /usr/bin/gawk
configure:2705: result: gawk
configure:2716: checking whether make sets $(MAKE)
configure:2738: result: yes
configure:2767: checking whether make supports nested variables
configure:2784: result: yes
configure:2913: checking for grep that handles long lines and -e
configure:2971: result: /usr/bin/grep
configure:2976: checking for a sed that does not truncate output
configure:3040: result: /usr/bin/sed
configure:3047: checking for cut
configure:3065: found /usr/bin/cut
configure:3077: result: /usr/bin/cut
configure:3126: checking environment for ESMFMKFILE...
configure:3129: checking for "/home/lenzen/ESMF.8.0.0.BS47.S4/esmf/lib/libO/Linux.intel.64.intelmpi.default/esmf.mk"
configure:3143: result: yes
configure:3148: result: getting ESMF Makefile fragment from environment variable ESMFMKFILE
configure:3207: checking for gcc
configure:3234: result: icc
configure:3463: checking for C compiler version
configure:3472: icc --version >&5
icc (ICC) 18.0.5 20180823
Copyright (C) 1985-2018 Intel Corporation.  All rights reserved.

configure:3483: $? = 0
configure:3472: icc -v >&5
icc version 18.0.5 (gcc version 4.8.5 compatibility)
configure:3483: $? = 0
configure:3472: icc -V >&5
Intel(R) C Intel(R) 64 Compiler for applications running on Intel(R) 64, Version 18.0.5.274 Build 20180823
Copyright (C) 1985-2018 Intel Corporation.  All rights reserved.

configure:3483: $? = 0
configure:3472: icc -qversion >&5
icc: command line warning #10006: ignoring unknown option '-qversion'
icc: command line error: no files specified; for help type "icc -help"
configure:3483: $? = 1
configure:3503: checking whether the C compiler works
configure:3525: icc    conftest.c  >&5
configure:3529: $? = 0
configure:3577: result: yes
configure:3580: checking for C compiler default output file name
configure:3582: result: a.out
configure:3588: checking for suffix of executables
configure:3595: icc -o conftest    conftest.c  >&5
configure:3599: $? = 0
configure:3621: result: 
configure:3643: checking whether we are cross compiling
configure:3651: icc -o conftest    conftest.c  >&5
configure:3655: $? = 0
configure:3662: ./conftest
configure:3666: $? = 0
configure:3681: result: no
configure:3686: checking for suffix of object files
configure:3708: icc -c   conftest.c >&5
configure:3712: $? = 0
configure:3733: result: o
configure:3737: checking whether we are using the GNU C compiler
configure:3756: icc -c   conftest.c >&5
configure:3756: $? = 0
configure:3765: result: yes
configure:3774: checking whether icc accepts -g
configure:3794: icc -c -g  conftest.c >&5
configure:3794: $? = 0
configure:3835: result: yes
configure:3852: checking for icc option to accept ISO C89
configure:3915: icc  -c -g -O2  conftest.c >&5
configure:3915: $? = 0
configure:3928: result: none needed
configure:3953: checking whether icc understands -c and -o together
configure:3975: icc -c conftest.c -o conftest2.o
configure:3978: $? = 0
configure:3975: icc -c conftest.c -o conftest2.o
configure:3978: $? = 0
configure:3990: result: yes
configure:4018: checking for style of include used by make
configure:4046: result: GNU
configure:4072: checking dependency style of icc
configure:4183: result: none
configure:4317: checking for Fortran compiler version
configure:4326: mpiifort --version >&5
ifort (IFORT) 18.0.5 20180823
Copyright (C) 1985-2018 Intel Corporation.  All rights reserved.

configure:4337: $? = 0
configure:4326: mpiifort -v >&5
mpiifort for the Intel(R) MPI Library 2018 Update 4 for Linux*
Copyright(C) 2003-2018, Intel Corporation.  All rights reserved.
ifort version 18.0.5
configure:4337: $? = 0
configure:4326: mpiifort -V >&5
Intel(R) Fortran Intel(R) 64 Compiler for applications running on Intel(R) 64, Version 18.0.5.274 Build 20180823
Copyright (C) 1985-2018 Intel Corporation.  All rights reserved.

configure:4337: $? = 0
configure:4326: mpiifort -qversion >&5
ifort: command line warning #10006: ignoring unknown option '-qversion'
/opt/intel/18/compilers_and_libraries_2018.5.274/linux/compiler/lib/intel64_lin/for_main.o: In function `main':
for_main.c:(.text+0x2a): undefined reference to `MAIN__'
configure:4337: $? = 1
configure:4346: checking whether we are using the GNU Fortran compiler
configure:4359: mpiifort -c  -O2 -fPIC -assume realloc_lhs -m64 -mcmodel=small -threads -I/home/lenzen/ESMF.8.0.0.BS47.S4/esmf//mod/modO/Linux.intel.64.intelmpi.default -I/home/lenzen/ESMF.8.0.0.BS47.S4/esmf//src/include -I/opt/netcdf4/4.6.2-intel-18.0.3/include -DESMF_NO_INTEGER_1_BYTE -DESMF_NO_INTEGER_2_BYTE -DESMFVERSIONGIT='ESMF_8_0_0_beta_snapshot_47' -DESMF_LAPACK=1 -DESMF_LAPACK_INTERNAL=1 -DESMF_MOAB=1 -DESMF_NO_ACC_SOFTWARE_STACK=1 -DESMF_NETCDF=1 -DESMF_PIO=1 -DESMF_MPIIO -DESMF_NO_OPENMP -DESMF_NO_OPENACC -DESMF_BOPT_O -DESMF_TESTCOMPTUNNEL -DSx86_64_small=1 -DESMF_OS_Linux=1 -DESMF_COMM=intelmpi -DESMF_DIR=/home/lenzen/ESMF.8.0.0.BS47.S4/esmf/  conftest.F >&5
conftest.F(3): error #5082: Syntax error, found END-OF-STATEMENT when expecting one of: => = . [ % ( :
       choke me
---------------^
compilation aborted for conftest.F (code 1)
configure:4359: $? = 1
configure: failed program was:
|       program main
| #ifndef __GNUC__
|        choke me
| #endif
| 
|       end
configure:4368: result: no
configure:4374: checking whether mpiifort accepts -g
configure:4385: mpiifort -c -g  conftest.f >&5
configure:4385: $? = 0
configure:4393: result: yes
configure:4744: checking for Fortran 77 compiler version
configure:4753: ifort --version >&5
ifort (IFORT) 18.0.5 20180823
Copyright (C) 1985-2018 Intel Corporation.  All rights reserved.

configure:4764: $? = 0
configure:4753: ifort -v >&5
ifort version 18.0.5
configure:4764: $? = 0
configure:4753: ifort -V >&5
Intel(R) Fortran Intel(R) 64 Compiler for applications running on Intel(R) 64, Version 18.0.5.274 Build 20180823
Copyright (C) 1985-2018 Intel Corporation.  All rights reserved.

configure:4764: $? = 0
configure:4753: ifort -qversion >&5
ifort: command line warning #10006: ignoring unknown option '-qversion'
ifort: command line error: no files specified; for help type "ifort -help"
configure:4764: $? = 1
configure:4773: checking whether we are using the GNU Fortran 77 compiler
configure:4786: ifort -c  conftest.F >&5
conftest.F(3): error #5082: Syntax error, found END-OF-STATEMENT when expecting one of: => = . [ % ( :
       choke me
---------------^
compilation aborted for conftest.F (code 1)
configure:4786: $? = 1
configure: failed program was:
|       program main
| #ifndef __GNUC__
|        choke me
| #endif
| 
|       end
configure:4795: result: no
configure:4801: checking whether ifort accepts -g
configure:4812: ifort -c -g conftest.f >&5
configure:4812: $? = 0
configure:4820: result: yes
configure:4864: checking compiler for -fp-model option...
configure:4879: mpiifort -c -traceback -ftz -align array64byte -qno-opt-dynamic-align -fno-alias -nowarn -safe-cray-ptr -fp-model source  -O2 -fPIC -assume realloc_lhs -m64 -mcmodel=small -threads -I/home/lenzen/ESMF.8.0.0.BS47.S4/esmf//mod/modO/Linux.intel.64.intelmpi.default -I/home/lenzen/ESMF.8.0.0.BS47.S4/esmf//src/include -I/opt/netcdf4/4.6.2-intel-18.0.3/include -DESMF_NO_INTEGER_1_BYTE -DESMF_NO_INTEGER_2_BYTE -DESMFVERSIONGIT='ESMF_8_0_0_beta_snapshot_47' -DESMF_LAPACK=1 -DESMF_LAPACK_INTERNAL=1 -DESMF_MOAB=1 -DESMF_NO_ACC_SOFTWARE_STACK=1 -DESMF_NETCDF=1 -DESMF_PIO=1 -DESMF_MPIIO -DESMF_NO_OPENMP -DESMF_NO_OPENACC -DESMF_BOPT_O -DESMF_TESTCOMPTUNNEL -DSx86_64_small=1 -DESMF_OS_Linux=1 -DESMF_COMM=intelmpi -DESMF_DIR=/home/lenzen/ESMF.8.0.0.BS47.S4/esmf/  conftest.f >&5
configure:4879: $? = 0
configure:4880: result: adding -fp-model precise option for results consistency
configure:4940: checking for ranlib
configure:4956: found /usr/bin/ranlib
configure:4967: result: ranlib
configure:4999: checking how to run the C preprocessor
configure:5030: icc -E  conftest.c
configure:5030: $? = 0
configure:5044: icc -E  conftest.c
conftest.c(11): error #2379: cannot open source file "ac_nonexistent.h"
  #include <ac_nonexistent.h>
                             ^

configure:5044: $? = 2
configure: failed program was:
| /* confdefs.h */
| #define PACKAGE_NAME "raqmschem"
| #define PACKAGE_TARNAME "raqmschem"
| #define PACKAGE_VERSION "0.1 "
| #define PACKAGE_STRING "raqmschem 0.1 "
| #define PACKAGE_BUGREPORT "allenl@ssec.wisc.edu"
| #define PACKAGE_URL ""
| #define PACKAGE "raqmschem"
| #define VERSION "0.1 "
| /* end confdefs.h.  */
| #include <ac_nonexistent.h>
configure:5069: result: icc -E
configure:5089: icc -E  conftest.c
configure:5089: $? = 0
configure:5103: icc -E  conftest.c
conftest.c(11): error #2379: cannot open source file "ac_nonexistent.h"
  #include <ac_nonexistent.h>
                             ^

configure:5103: $? = 2
configure: failed program was:
| /* confdefs.h */
| #define PACKAGE_NAME "raqmschem"
| #define PACKAGE_TARNAME "raqmschem"
| #define PACKAGE_VERSION "0.1 "
| #define PACKAGE_STRING "raqmschem 0.1 "
| #define PACKAGE_BUGREPORT "allenl@ssec.wisc.edu"
| #define PACKAGE_URL ""
| #define PACKAGE "raqmschem"
| #define VERSION "0.1 "
| /* end confdefs.h.  */
| #include <ac_nonexistent.h>
configure:5132: checking for egrep
configure:5194: result: /usr/bin/grep -E
configure:5199: checking for ANSI C header files
configure:5219: icc -c -g -O2  conftest.c >&5
configure:5219: $? = 0
configure:5292: icc -o conftest -g -O2   conftest.c  >&5
configure:5292: $? = 0
configure:5292: ./conftest
configure:5292: $? = 0
configure:5303: result: yes
configure:5316: checking for sys/types.h
configure:5316: icc -c -g -O2  conftest.c >&5
configure:5316: $? = 0
configure:5316: result: yes
configure:5316: checking for sys/stat.h
configure:5316: icc -c -g -O2  conftest.c >&5
configure:5316: $? = 0
configure:5316: result: yes
configure:5316: checking for stdlib.h
configure:5316: icc -c -g -O2  conftest.c >&5
configure:5316: $? = 0
configure:5316: result: yes
configure:5316: checking for string.h
configure:5316: icc -c -g -O2  conftest.c >&5
configure:5316: $? = 0
configure:5316: result: yes
configure:5316: checking for memory.h
configure:5316: icc -c -g -O2  conftest.c >&5
configure:5316: $? = 0
configure:5316: result: yes
configure:5316: checking for strings.h
configure:5316: icc -c -g -O2  conftest.c >&5
configure:5316: $? = 0
configure:5316: result: yes
configure:5316: checking for inttypes.h
configure:5316: icc -c -g -O2  conftest.c >&5
configure:5316: $? = 0
configure:5316: result: yes
configure:5316: checking for stdint.h
configure:5316: icc -c -g -O2  conftest.c >&5
configure:5316: $? = 0
configure:5316: result: yes
configure:5316: checking for unistd.h
configure:5316: icc -c -g -O2  conftest.c >&5
configure:5316: $? = 0
configure:5316: result: yes
configure:5331: checking for stdlib.h
configure:5331: result: yes
configure:5331: checking for string.h
configure:5331: result: yes
configure:5331: checking for unistd.h
configure:5331: result: yes
configure:5343: checking for stdbool.h that conforms to C99
configure:5410: icc -c -g -O2  conftest.c >&5
configure:5410: $? = 0
configure:5417: result: yes
configure:5419: checking for _Bool
configure:5419: icc -c -g -O2  conftest.c >&5
configure:5419: $? = 0
configure:5419: icc -c -g -O2  conftest.c >&5
conftest.c(60): error: expected an expression
  if (sizeof ((_Bool)))
                     ^

compilation aborted for conftest.c (code 2)
configure:5419: $? = 2
configure: failed program was:
| /* confdefs.h */
| #define PACKAGE_NAME "raqmschem"
| #define PACKAGE_TARNAME "raqmschem"
| #define PACKAGE_VERSION "0.1 "
| #define PACKAGE_STRING "raqmschem 0.1 "
| #define PACKAGE_BUGREPORT "allenl@ssec.wisc.edu"
| #define PACKAGE_URL ""
| #define PACKAGE "raqmschem"
| #define VERSION "0.1 "
| #define STDC_HEADERS 1
| #define HAVE_SYS_TYPES_H 1
| #define HAVE_SYS_STAT_H 1
| #define HAVE_STDLIB_H 1
| #define HAVE_STRING_H 1
| #define HAVE_MEMORY_H 1
| #define HAVE_STRINGS_H 1
| #define HAVE_INTTYPES_H 1
| #define HAVE_STDINT_H 1
| #define HAVE_UNISTD_H 1
| #define HAVE_STDLIB_H 1
| #define HAVE_STRING_H 1
| #define HAVE_UNISTD_H 1
| /* end confdefs.h.  */
| #include <stdio.h>
| #ifdef HAVE_SYS_TYPES_H
| # include <sys/types.h>
| #endif
| #ifdef HAVE_SYS_STAT_H
| # include <sys/stat.h>
| #endif
| #ifdef STDC_HEADERS
| # include <stdlib.h>
| # include <stddef.h>
| #else
| # ifdef HAVE_STDLIB_H
| #  include <stdlib.h>
| # endif
| #endif
| #ifdef HAVE_STRING_H
| # if !defined STDC_HEADERS && defined HAVE_MEMORY_H
| #  include <memory.h>
| # endif
| # include <string.h>
| #endif
| #ifdef HAVE_STRINGS_H
| # include <strings.h>
| #endif
| #ifdef HAVE_INTTYPES_H
| # include <inttypes.h>
| #endif
| #ifdef HAVE_STDINT_H
| # include <stdint.h>
| #endif
| #ifdef HAVE_UNISTD_H
| # include <unistd.h>
| #endif
| int
| main ()
| {
| if (sizeof ((_Bool)))
| 	    return 0;
|   ;
|   return 0;
| }
configure:5419: result: yes
configure:5430: checking for pid_t
configure:5430: icc -c -g -O2  conftest.c >&5
configure:5430: $? = 0
configure:5430: icc -c -g -O2  conftest.c >&5
conftest.c(61): error: expected an expression
  if (sizeof ((pid_t)))
                     ^

compilation aborted for conftest.c (code 2)
configure:5430: $? = 2
configure: failed program was:
| /* confdefs.h */
| #define PACKAGE_NAME "raqmschem"
| #define PACKAGE_TARNAME "raqmschem"
| #define PACKAGE_VERSION "0.1 "
| #define PACKAGE_STRING "raqmschem 0.1 "
| #define PACKAGE_BUGREPORT "allenl@ssec.wisc.edu"
| #define PACKAGE_URL ""
| #define PACKAGE "raqmschem"
| #define VERSION "0.1 "
| #define STDC_HEADERS 1
| #define HAVE_SYS_TYPES_H 1
| #define HAVE_SYS_STAT_H 1
| #define HAVE_STDLIB_H 1
| #define HAVE_STRING_H 1
| #define HAVE_MEMORY_H 1
| #define HAVE_STRINGS_H 1
| #define HAVE_INTTYPES_H 1
| #define HAVE_STDINT_H 1
| #define HAVE_UNISTD_H 1
| #define HAVE_STDLIB_H 1
| #define HAVE_STRING_H 1
| #define HAVE_UNISTD_H 1
| #define HAVE__BOOL 1
| /* end confdefs.h.  */
| #include <stdio.h>
| #ifdef HAVE_SYS_TYPES_H
| # include <sys/types.h>
| #endif
| #ifdef HAVE_SYS_STAT_H
| # include <sys/stat.h>
| #endif
| #ifdef STDC_HEADERS
| # include <stdlib.h>
| # include <stddef.h>
| #else
| # ifdef HAVE_STDLIB_H
| #  include <stdlib.h>
| # endif
| #endif
| #ifdef HAVE_STRING_H
| # if !defined STDC_HEADERS && defined HAVE_MEMORY_H
| #  include <memory.h>
| # endif
| # include <string.h>
| #endif
| #ifdef HAVE_STRINGS_H
| # include <strings.h>
| #endif
| #ifdef HAVE_INTTYPES_H
| # include <inttypes.h>
| #endif
| #ifdef HAVE_STDINT_H
| # include <stdint.h>
| #endif
| #ifdef HAVE_UNISTD_H
| # include <unistd.h>
| #endif
| int
| main ()
| {
| if (sizeof ((pid_t)))
| 	    return 0;
|   ;
|   return 0;
| }
configure:5430: result: yes
configure:5446: checking for bzero
configure:5446: icc -o conftest -g -O2   conftest.c  >&5
configure:5446: $? = 0
configure:5446: result: yes
configure:5446: checking for clock_gettime
configure:5446: icc -o conftest -g -O2   conftest.c  >&5
configure:5446: $? = 0
configure:5446: result: yes
configure:5446: checking for strerror
configure:5446: icc -o conftest -g -O2   conftest.c  >&5
configure:5446: $? = 0
configure:5446: result: yes
configure:5569: checking that generated files are newer than configure
configure:5575: result: done
configure:5598: creating ./config.status

## ---------------------- ##
## Running config.status. ##
## ---------------------- ##

This file was extended by raqmschem config.status 0.1 , which was
generated by GNU Autoconf 2.69.  Invocation command line was

  CONFIG_FILES    = 
  CONFIG_HEADERS  = 
  CONFIG_LINKS    = 
  CONFIG_COMMANDS = 
  $ ./config.status 

on s4-submit.ssec.wisc.edu

config.status:882: creating Makefile
config.status:882: creating src/Makefile
config.status:882: creating src/chem/Makefile
config.status:882: creating src/chem/shr/Makefile
config.status:882: creating src/chem/plume/Makefile
config.status:882: creating src/chem/raqms/Makefile
config.status:882: creating config.h
config.status:1063: config.h is unchanged
config.status:1111: executing depfiles commands

## ---------------- ##
## Cache variables. ##
## ---------------- ##

ac_cv_c_compiler_gnu=yes
ac_cv_env_CC_set=set
ac_cv_env_CC_value=icc
ac_cv_env_CFLAGS_set=
ac_cv_env_CFLAGS_value=
ac_cv_env_CPPFLAGS_set=
ac_cv_env_CPPFLAGS_value=
ac_cv_env_CPP_set=
ac_cv_env_CPP_value=
ac_cv_env_F77_set=set
ac_cv_env_F77_value=ifort
ac_cv_env_FCFLAGS_set=
ac_cv_env_FCFLAGS_value=
ac_cv_env_FC_set=set
ac_cv_env_FC_value=mpiifort
ac_cv_env_FFLAGS_set=
ac_cv_env_FFLAGS_value=
ac_cv_env_LDFLAGS_set=
ac_cv_env_LDFLAGS_value=
ac_cv_env_LIBS_set=
ac_cv_env_LIBS_value=
ac_cv_env_build_alias_set=
ac_cv_env_build_alias_value=
ac_cv_env_host_alias_set=
ac_cv_env_host_alias_value=
ac_cv_env_target_alias_set=
ac_cv_env_target_alias_value=
ac_cv_f77_compiler_gnu=no
ac_cv_fc_compiler_gnu=no
ac_cv_file__home_lenzen_ESMF_8_0_0_BS47_S4_esmf_lib_libO_Linux_intel_64_intelmpi_default_esmf_mk=yes
ac_cv_func_bzero=yes
ac_cv_func_clock_gettime=yes
ac_cv_func_strerror=yes
ac_cv_header_inttypes_h=yes
ac_cv_header_memory_h=yes
ac_cv_header_stdbool_h=yes
ac_cv_header_stdc=yes
ac_cv_header_stdint_h=yes
ac_cv_header_stdlib_h=yes
ac_cv_header_string_h=yes
ac_cv_header_strings_h=yes
ac_cv_header_sys_stat_h=yes
ac_cv_header_sys_types_h=yes
ac_cv_header_unistd_h=yes
ac_cv_objext=o
ac_cv_path_CUT=/usr/bin/cut
ac_cv_path_EGREP='/usr/bin/grep -E'
ac_cv_path_GREP=/usr/bin/grep
ac_cv_path_SED=/usr/bin/sed
ac_cv_path_install='/usr/bin/install -c'
ac_cv_path_mkdir=/usr/bin/mkdir
ac_cv_prog_AWK=gawk
ac_cv_prog_CPP='icc -E'
ac_cv_prog_ac_ct_CC=icc
ac_cv_prog_ac_ct_RANLIB=ranlib
ac_cv_prog_cc_c89=
ac_cv_prog_cc_g=yes
ac_cv_prog_f77_g=yes
ac_cv_prog_fc_g=yes
ac_cv_prog_make_make_set=yes
ac_cv_type__Bool=yes
ac_cv_type_pid_t=yes
am_cv_CC_dependencies_compiler_type=none
am_cv_make_support_nested_variables=yes
am_cv_prog_cc_c_o=yes

## ----------------- ##
## Output variables. ##
## ----------------- ##

ACLOCAL='${SHELL} /home/mbruckner/FV3GFS-GSDCHEM.0.9.1/RAQMSCHEM/missing aclocal-1.15'
AMDEPBACKSLASH='\'
AMDEP_FALSE='#'
AMDEP_TRUE=''
AMTAR='$${TAR-tar}'
AM_BACKSLASH='\'
AM_DEFAULT_V='$(AM_DEFAULT_VERBOSITY)'
AM_DEFAULT_VERBOSITY='1'
AM_V='$(V)'
AUTOCONF='${SHELL} /home/mbruckner/FV3GFS-GSDCHEM.0.9.1/RAQMSCHEM/missing autoconf'
AUTOHEADER='${SHELL} /home/mbruckner/FV3GFS-GSDCHEM.0.9.1/RAQMSCHEM/missing autoheader'
AUTOMAKE='${SHELL} /home/mbruckner/FV3GFS-GSDCHEM.0.9.1/RAQMSCHEM/missing automake-1.15'
AWK='gawk'
CC='icc'
CCDEPMODE='depmode=none'
CFLAGS='-g -O2'
CPP='icc -E'
CPPFLAGS=''
CUT='/usr/bin/cut'
CYGPATH_W='echo'
DEFS='-DHAVE_CONFIG_H'
DEPDIR='.deps'
ECHO_C=''
ECHO_N='-n'
ECHO_T=''
EGREP='/usr/bin/grep -E'
ESMFMKFILE='/home/lenzen/ESMF.8.0.0.BS47.S4/esmf/lib/libO/Linux.intel.64.intelmpi.default/esmf.mk'
EXEEXT=''
F77='ifort'
FC='mpiifort'
FCFLAGS='-traceback -ftz -align array64byte -qno-opt-dynamic-align -fno-alias -nowarn -safe-cray-ptr -fp-model source  -O2 -fPIC -assume realloc_lhs -m64 -mcmodel=small -threads -I/home/lenzen/ESMF.8.0.0.BS47.S4/esmf//mod/modO/Linux.intel.64.intelmpi.default -I/home/lenzen/ESMF.8.0.0.BS47.S4/esmf//src/include -I/opt/netcdf4/4.6.2-intel-18.0.3/include -DESMF_NO_INTEGER_1_BYTE -DESMF_NO_INTEGER_2_BYTE -DESMFVERSIONGIT='\''ESMF_8_0_0_beta_snapshot_47'\'' -DESMF_LAPACK=1 -DESMF_LAPACK_INTERNAL=1 -DESMF_MOAB=1 -DESMF_NO_ACC_SOFTWARE_STACK=1 -DESMF_NETCDF=1 -DESMF_PIO=1 -DESMF_MPIIO -DESMF_NO_OPENMP -DESMF_NO_OPENACC -DESMF_BOPT_O -DESMF_TESTCOMPTUNNEL -DSx86_64_small=1 -DESMF_OS_Linux=1 -DESMF_COMM=intelmpi -DESMF_DIR=/home/lenzen/ESMF.8.0.0.BS47.S4/esmf/'
FCLIBS='   -m64 -mcmodel=small -threads -Wl,--no-as-needed -L/home/lenzen/ESMF.8.0.0.BS47.S4/esmf//lib/libO/Linux.intel.64.intelmpi.default -L/opt/netcdf4/4.6.2-intel-18.0.3/lib  -Wl,-rpath,/home/lenzen/ESMF.8.0.0.BS47.S4/esmf//lib/libO/Linux.intel.64.intelmpi.default  -Wl,-rpath,/opt/netcdf4/4.6.2-intel-18.0.3/lib -lesmf  -cxxlib -lrt -ldl -lnetcdff -lnetcdf'
FFLAGS='-O2'
GREP='/usr/bin/grep'
INSTALL_DATA='${INSTALL} -m 644'
INSTALL_PROGRAM='${INSTALL}'
INSTALL_SCRIPT='${INSTALL}'
INSTALL_STRIP_PROGRAM='$(install_sh) -c -s'
LDFLAGS=''
LIBOBJS=''
LIBS=''
LTLIBOBJS=''
MAKEINFO='${SHELL} /home/mbruckner/FV3GFS-GSDCHEM.0.9.1/RAQMSCHEM/missing makeinfo'
MKDIR_P='/usr/bin/mkdir -p'
OBJEXT='o'
PACKAGE='raqmschem'
PACKAGE_BUGREPORT='allenl@ssec.wisc.edu'
PACKAGE_NAME='raqmschem'
PACKAGE_STRING='raqmschem 0.1 '
PACKAGE_TARNAME='raqmschem'
PACKAGE_URL=''
PACKAGE_VERSION='0.1 '
PATH_SEPARATOR=':'
RANLIB='ranlib'
SED='/usr/bin/sed'
SET_MAKE=''
SHELL='/bin/sh'
STRIP=''
VERSION='0.1 '
ac_ct_CC='icc'
ac_ct_F77=''
ac_ct_FC=''
am__EXEEXT_FALSE=''
am__EXEEXT_TRUE='#'
am__fastdepCC_FALSE=''
am__fastdepCC_TRUE='#'
am__include='include'
am__isrc=''
am__leading_dot='.'
am__nodep='_no'
am__quote=''
am__tar='$${TAR-tar} chof - "$$tardir"'
am__untar='$${TAR-tar} xf -'
bindir='${exec_prefix}/bin'
build_alias=''
datadir='${datarootdir}'
datarootdir='/home/mbruckner/FV3GFS-GSDCHEM.0.9.1/RAQMSCHEM_INSTALL'
docdir='${datarootdir}/doc/${PACKAGE_TARNAME}'
dvidir='${docdir}'
exec_prefix='${prefix}'
host_alias=''
htmldir='${docdir}'
includedir='${prefix}/include'
infodir='${datarootdir}/info'
install_sh='${SHELL} /home/mbruckner/FV3GFS-GSDCHEM.0.9.1/RAQMSCHEM/install-sh'
libdir='/home/mbruckner/FV3GFS-GSDCHEM.0.9.1/RAQMSCHEM_INSTALL'
libexecdir='${exec_prefix}/libexec'
localedir='${datarootdir}/locale'
localstatedir='${prefix}/var'
mandir='${datarootdir}/man'
mkdir_p='$(MKDIR_P)'
oldincludedir='/usr/include'
pdfdir='${docdir}'
prefix='/home/mbruckner/FV3GFS-GSDCHEM.0.9.1/RAQMSCHEM_INSTALL'
program_transform_name='s,x,x,'
psdir='${docdir}'
sbindir='${exec_prefix}/sbin'
sharedstatedir='${prefix}/com'
sysconfdir='${prefix}/etc'
target_alias=''

## ----------- ##
## confdefs.h. ##
## ----------- ##

/* confdefs.h */
#define PACKAGE_NAME "raqmschem"
#define PACKAGE_TARNAME "raqmschem"
#define PACKAGE_VERSION "0.1 "
#define PACKAGE_STRING "raqmschem 0.1 "
#define PACKAGE_BUGREPORT "allenl@ssec.wisc.edu"
#define PACKAGE_URL ""
#define PACKAGE "raqmschem"
#define VERSION "0.1 "
#define STDC_HEADERS 1
#define HAVE_SYS_TYPES_H 1
#define HAVE_SYS_STAT_H 1
#define HAVE_STDLIB_H 1
#define HAVE_STRING_H 1
#define HAVE_MEMORY_H 1
#define HAVE_STRINGS_H 1
#define HAVE_INTTYPES_H 1
#define HAVE_STDINT_H 1
#define HAVE_UNISTD_H 1
#define HAVE_STDLIB_H 1
#define HAVE_STRING_H 1
#define HAVE_UNISTD_H 1
#define HAVE__BOOL 1
#define HAVE_BZERO 1
#define HAVE_CLOCK_GETTIME 1
#define HAVE_STRERROR 1

configure: exit 0
