This file contains any messages produced by compilers while
running configure, to aid debugging if configure makes a mistake.

It was created by gsdchem configure 0.9.0, which was
generated by GNU Autoconf 2.69.  Invocation command line was

  $ ./configure --prefix=/home/mbruckner/FV3GFS-GSDCHEM.0.9.1/GSDCHEM/GSDCHEM_INSTALL --datarootdir=/home/mbruckner/FV3GFS-GSDCHEM.0.9.1/GSDCHEM/GSDCHEM_INSTALL --libdir=/home/mbruckner/FV3GFS-GSDCHEM.0.9.1/GSDCHEM/GSDCHEM_INSTALL

## --------- ##
## Platform. ##
## --------- ##

hostname = s4-submit.ssec.wisc.edu
uname -m = x86_64
uname -r = 3.10.0-957.1.3.el7.x86_64
uname -s = Linux
uname -v = #1 SMP Thu Nov 29 14:49:43 UTC 2018

/usr/bin/uname -p = x86_64
/bin/uname -X     = unknown

/bin/arch              = x86_64
/usr/bin/arch -k       = unknown
/usr/convex/getsysinfo = unknown
/usr/bin/hostinfo      = unknown
/bin/machine           = unknown
/usr/bin/oslevel       = unknown
/bin/universe          = unknown

PATH: /home/lenzen/ESMF.8.0.0.BS47.S4/esmf/bin/binO/Linux.intel.64.intelmpi.default
PATH: /opt/ncview/2.1.7-intel-18.0.3/bin
PATH: /opt/udunits/2.2.26-intel-18.0.3/bin
PATH: /opt/netcdf4/4.6.2-intel-18.0.3/bin
PATH: /opt/hdf5/1.8.21-intel-18.0.3/bin
PATH: /opt/hdf4/4.2.14-intel-18.0.3/bin
PATH: /opt/intel/18/advisor_2018.4.0.574144/bin64
PATH: /opt/intel/18/inspector_2018.4.0.574143/bin64
PATH: /opt/intel/18/itac/2018.4.025/intel64/bin
PATH: /opt/intel/18/compilers_and_libraries_2018.5.274/linux/bin/intel64
PATH: /opt/intel/18/compilers_and_libraries_2018.5.274/linux/mpi/intel64/bin
PATH: /usr/lib64/qt-3.3/bin
PATH: /usr/local/bin
PATH: /usr/bin
PATH: /usr/local/sbin
PATH: /usr/sbin
PATH: /opt/puppetlabs/bin
PATH: /opt/dell/srvadmin/bin
PATH: /data/users/lenzen/global-workflow_v16b/util/ush
PATH: /data/users/lenzen/global-workflow_v16b/util/ush/produtil
PATH: /data/users/lenzen/global-workflow_v16b/ush/rocoto
PATH: /home/mbruckner/.local/bin
PATH: /home/mbruckner/bin
PATH: /opt/intel/18/parallel_studio_xe_2018.4.057/bin


## ----------- ##
## Core tests. ##
## ----------- ##

configure:1910: checking for a BSD-compatible install
configure:1978: result: /usr/bin/install -c
configure:1989: checking whether build environment is sane
configure:2044: result: yes
configure:2195: checking for a thread-safe mkdir -p
configure:2234: result: /usr/bin/mkdir -p
configure:2241: checking for gawk
configure:2257: found /usr/bin/gawk
configure:2268: result: gawk
configure:2279: checking whether make sets $(MAKE)
configure:2301: result: yes
configure:2330: checking whether make supports nested variables
configure:2347: result: yes
configure:2474: checking whether to enable maintainer-specific portions of Makefiles
configure:2483: result: no
configure:2498: checking for grep that handles long lines and -e
configure:2556: result: /usr/bin/grep
configure:2561: checking for a sed that does not truncate output
configure:2625: result: /usr/bin/sed
configure:2632: checking for cut
configure:2650: found /usr/bin/cut
configure:2662: result: /usr/bin/cut
configure:2689: checking for ESMF library
configure:2693: checking for /home/lenzen/ESMF.8.0.0.BS47.S4/esmf/lib/libO/Linux.intel.64.intelmpi.default/esmf.mk
configure:2707: result: yes
configure:2840: checking for Fortran compiler version
configure:2849: mpiifort --version >&5
ifort (IFORT) 18.0.5 20180823
Copyright (C) 1985-2018 Intel Corporation.  All rights reserved.

configure:2860: $? = 0
configure:2849: mpiifort -v >&5
mpiifort for the Intel(R) MPI Library 2018 Update 4 for Linux*
Copyright(C) 2003-2018, Intel Corporation.  All rights reserved.
ifort version 18.0.5
configure:2860: $? = 0
configure:2849: mpiifort -V >&5
Intel(R) Fortran Intel(R) 64 Compiler for applications running on Intel(R) 64, Version 18.0.5.274 Build 20180823
Copyright (C) 1985-2018 Intel Corporation.  All rights reserved.

configure:2860: $? = 0
configure:2849: mpiifort -qversion >&5
ifort: command line warning #10006: ignoring unknown option '-qversion'
/opt/intel/18/compilers_and_libraries_2018.5.274/linux/compiler/lib/intel64_lin/for_main.o: In function `main':
for_main.c:(.text+0x2a): undefined reference to `MAIN__'
configure:2860: $? = 1
configure:2875: checking whether the Fortran compiler works
configure:2897: mpiifort    conftest.f  >&5
configure:2901: $? = 0
configure:2949: result: yes
configure:2952: checking for Fortran compiler default output file name
configure:2954: result: a.out
configure:2960: checking for suffix of executables
configure:2967: mpiifort -o conftest    conftest.f  >&5
configure:2971: $? = 0
configure:2993: result: 
configure:3009: checking whether we are cross compiling
configure:3047: result: yes
configure:3052: checking for suffix of object files
configure:3068: mpiifort -c   conftest.f >&5
configure:3072: $? = 0
configure:3093: result: o
configure:3101: checking whether we are using the GNU Fortran compiler
configure:3114: mpiifort -c   conftest.F >&5
conftest.F(3): error #5082: Syntax error, found END-OF-STATEMENT when expecting one of: => = . [ % ( :
       choke me
---------------^
compilation aborted for conftest.F (code 1)
configure:3114: $? = 1
configure: failed program was:
|       program main
| #ifndef __GNUC__
|        choke me
| #endif
| 
|       end
configure:3123: result: no
configure:3129: checking whether mpiifort accepts -g
configure:3140: mpiifort -c -g  conftest.f >&5
configure:3140: $? = 0
configure:3148: result: yes
configure:3182: checking whether MPI is supported
configure:3197: mpiifort -c -g  conftest.f >&5
configure:3197: $? = 0
configure:3198: result: yes
configure:3213: checking for Fortran flag to compile preprocessed .F90 files
configure:3238: mpiifort -c -g  conftest.F90 >&5
configure:3238: $? = 0
configure:3248: mpiifort -c -g  conftest.F90 >&5
conftest.F90(4): #error: can't find include file: ac_nonexistent.h
configure:3248: $? = 1
configure: failed program was:
|       program main
| 
| #if 1
| #include <ac_nonexistent.h>
|       choke me
| #endif
|       end
configure:3261: result: none
configure:3282: checking for Fortran compiler vendor
configure:3333: mpiifort -c -g  conftest.F90 >&5
configure:3333: $? = 0
configure:3342: result: intel
configure:3405: checking compiler for optimization options
configure:3452: mpiifort -c  -g -O2 -fp-model source -ftz -align array64byte -xCORE-AVX2 -qno-opt-dynamic-align  conftest.F90 >&5
configure:3452: $? = 0
configure:3463: result: -O2 -fp-model source -ftz -align array64byte -xCORE-AVX2 -qno-opt-dynamic-align
configure:3480: checking for Fortran flag needed to accept unlimited column source lines
configure:3502: mpiifort -c  -g -O2 -fp-model source -ftz -align array64byte -xCORE-AVX2 -qno-opt-dynamic-align  conftest.F90 >&5
configure:3502: $? = 0
configure:3511: result: none
configure:3526: checking Fortran 90 module extension
configure:3548: mpiifort -c  -g -O2 -fp-model source -ftz -align array64byte -xCORE-AVX2 -qno-opt-dynamic-align  conftest.F90 >&5
configure:3548: $? = 0
configure:3564: result: mod
configure:3572: checking Fortran 90 module inclusion flag
configure:3594: mpiifort -c  -g -O2 -fp-model source -ftz -align array64byte -xCORE-AVX2 -qno-opt-dynamic-align  conftest.F90 >&5
configure:3594: $? = 0
configure:3608: mpiifort -c  -g -O2 -fp-model source -ftz -align array64byte -xCORE-AVX2 -qno-opt-dynamic-align -Mconftest.dir -Mconftest.dir  conftest.F90 >&5
ifort: command line warning #10006: ignoring unknown option '-Mconftest.dir'
ifort: command line warning #10006: ignoring unknown option '-Mconftest.dir'
conftest.F90(3): error #7002: Error in opening the compiled module file.  Check INCLUDE paths.   [CONFTEST_MODULE]
      use conftest_module
----------^
compilation aborted for conftest.F90 (code 1)
configure:3608: $? = 1
configure: failed program was:
| 
|       program main
|       use conftest_module
|       call conftest_routine
|       end program
configure:3608: mpiifort -c  -g -O2 -fp-model source -ftz -align array64byte -xCORE-AVX2 -qno-opt-dynamic-align -Iconftest.dir -Iconftest.dir  conftest.F90 >&5
configure:3608: $? = 0
configure:3628: result: -I
configure:3651: checking whether ESMF include flags work
configure:3659: mpiifort -c -I/home/lenzen/ESMF.8.0.0.BS47.S4/esmf//mod/modO/Linux.intel.64.intelmpi.default -I/home/lenzen/ESMF.8.0.0.BS47.S4/esmf//src/include -I/opt/netcdf4/4.6.2-intel-18.0.3/include  -g -O2 -fp-model source -ftz -align array64byte -xCORE-AVX2 -qno-opt-dynamic-align  conftest.F90 >&5
configure:3659: $? = 0
configure:3660: result: yes
configure:3674: checking whether ESMF works
configure:3682: mpiifort -c -I/home/lenzen/ESMF.8.0.0.BS47.S4/esmf//mod/modO/Linux.intel.64.intelmpi.default -I/home/lenzen/ESMF.8.0.0.BS47.S4/esmf//src/include -I/opt/netcdf4/4.6.2-intel-18.0.3/include  -g -O2 -fp-model source -ftz -align array64byte -xCORE-AVX2 -qno-opt-dynamic-align  conftest.F90 >&5
configure:3682: $? = 0
configure:3683: result: yes
configure:3748: checking for ranlib
configure:3764: found /usr/bin/ranlib
configure:3775: result: ranlib
configure:3809: checking for style of include used by make
configure:3837: result: GNU
configure:3908: checking for gcc
configure:3935: result: icc
configure:4164: checking for C compiler version
configure:4173: icc --version >&5
icc (ICC) 18.0.5 20180823
Copyright (C) 1985-2018 Intel Corporation.  All rights reserved.

configure:4184: $? = 0
configure:4173: icc -v >&5
icc version 18.0.5 (gcc version 4.8.5 compatibility)
configure:4184: $? = 0
configure:4173: icc -V >&5
Intel(R) C Intel(R) 64 Compiler for applications running on Intel(R) 64, Version 18.0.5.274 Build 20180823
Copyright (C) 1985-2018 Intel Corporation.  All rights reserved.

configure:4184: $? = 0
configure:4173: icc -qversion >&5
icc: command line warning #10006: ignoring unknown option '-qversion'
icc: command line error: no files specified; for help type "icc -help"
configure:4184: $? = 1
configure:4188: checking whether we are using the GNU C compiler
configure:4207: icc -c   conftest.c >&5
configure:4207: $? = 0
configure:4216: result: yes
configure:4225: checking whether icc accepts -g
configure:4245: icc -c -g  conftest.c >&5
configure:4245: $? = 0
configure:4286: result: yes
configure:4303: checking for icc option to accept ISO C89
configure:4366: icc  -c -g -O2  conftest.c >&5
configure:4366: $? = 0
configure:4379: result: none needed
configure:4404: checking whether icc understands -c and -o together
configure:4426: icc -c conftest.c -o conftest2.o
configure:4429: $? = 0
configure:4426: icc -c conftest.c -o conftest2.o
configure:4429: $? = 0
configure:4441: result: yes
configure:4460: checking dependency style of icc
configure:4571: result: none
configure:4636: checking for ar
configure:4652: found /usr/bin/ar
configure:4663: result: ar
configure:4689: checking the archiver (ar) interface
configure:4699: icc -c -g -O2  conftest.c >&5
configure:4699: $? = 0
configure:4701: ar cru libconftest.a conftest.o >&5
configure:4704: $? = 0
configure:4727: result: ar
configure:4896: checking that generated files are newer than configure
configure:4902: result: done
configure:4932: creating ./config.status

## ---------------------- ##
## Running config.status. ##
## ---------------------- ##

This file was extended by gsdchem config.status 0.9.0, which was
generated by GNU Autoconf 2.69.  Invocation command line was

  CONFIG_FILES    = 
  CONFIG_HEADERS  = 
  CONFIG_LINKS    = 
  CONFIG_COMMANDS = 
  $ ./config.status 

on s4-submit.ssec.wisc.edu

config.status:801: creating Makefile
config.status:801: creating src/Makefile
config.status:801: creating src/chem/Makefile
config.status:801: creating src/chem/shr/Makefile
config.status:801: creating src/chem/gocart/Makefile
config.status:801: creating src/chem/plume/Makefile
config.status:801: creating src/chem/vash/Makefile
config.status:801: creating src/chem/seas/Makefile
config.status:801: creating src/chem/dust/Makefile
config.status:801: creating src/chem/aero/Makefile
config.status:801: creating src/chem/dep/Makefile
config.status:801: creating src/chem/opt/Makefile
config.status:973: executing depfiles commands

## ---------------- ##
## Cache variables. ##
## ---------------- ##

ac_cv_c_compiler_gnu=yes
ac_cv_env_CC_set=set
ac_cv_env_CC_value=icc
ac_cv_env_CFLAGS_set=
ac_cv_env_CFLAGS_value=
ac_cv_env_CPPFLAGS_set=
ac_cv_env_CPPFLAGS_value=
ac_cv_env_FCFLAGS_set=
ac_cv_env_FCFLAGS_value=
ac_cv_env_FC_set=set
ac_cv_env_FC_value=mpiifort
ac_cv_env_LDFLAGS_set=
ac_cv_env_LDFLAGS_value=
ac_cv_env_LIBS_set=
ac_cv_env_LIBS_value=
ac_cv_env_build_alias_set=
ac_cv_env_build_alias_value=
ac_cv_env_host_alias_set=
ac_cv_env_host_alias_value=
ac_cv_env_target_alias_set=
ac_cv_env_target_alias_value=
ac_cv_fc_compiler_gnu=no
ac_cv_fc_line_length=none
ac_cv_fc_module_ext=mod
ac_cv_fc_module_flag=-I
ac_cv_fc_pp_srcext_F90=none
ac_cv_file__home_lenzen_ESMF_8_0_0_BS47_S4_esmf_lib_libO_Linux_intel_64_intelmpi_default_esmf_mk=yes
ac_cv_objext=o
ac_cv_path_CUT=/usr/bin/cut
ac_cv_path_GREP=/usr/bin/grep
ac_cv_path_SED=/usr/bin/sed
ac_cv_path_install='/usr/bin/install -c'
ac_cv_path_mkdir=/usr/bin/mkdir
ac_cv_prog_AWK=gawk
ac_cv_prog_ac_ct_AR=ar
ac_cv_prog_ac_ct_CC=icc
ac_cv_prog_ac_ct_RANLIB=ranlib
ac_cv_prog_cc_c89=
ac_cv_prog_cc_g=yes
ac_cv_prog_fc_g=yes
ac_cv_prog_make_make_set=yes
am_cv_CC_dependencies_compiler_type=none
am_cv_ar_interface=ar
am_cv_make_support_nested_variables=yes
am_cv_prog_cc_c_o=yes
ax_cv_fc_compiler_vendor=intel

## ----------------- ##
## Output variables. ##
## ----------------- ##

ACLOCAL='${SHELL} /home/mbruckner/FV3GFS-GSDCHEM.0.9.1/GSDCHEM/build-aux/missing aclocal-1.15'
AMDEPBACKSLASH='\'
AMDEP_FALSE='#'
AMDEP_TRUE=''
AMTAR='$${TAR-tar}'
AM_BACKSLASH='\'
AM_DEFAULT_V='$(AM_DEFAULT_VERBOSITY)'
AM_DEFAULT_VERBOSITY='1'
AM_V='$(V)'
AR='ar'
AUTOCONF='${SHELL} /home/mbruckner/FV3GFS-GSDCHEM.0.9.1/GSDCHEM/build-aux/missing autoconf'
AUTOHEADER='${SHELL} /home/mbruckner/FV3GFS-GSDCHEM.0.9.1/GSDCHEM/build-aux/missing autoheader'
AUTOMAKE='${SHELL} /home/mbruckner/FV3GFS-GSDCHEM.0.9.1/GSDCHEM/build-aux/missing automake-1.15'
AWK='gawk'
CC='icc'
CCDEPMODE='depmode=none'
CFLAGS='-g -O2'
CPPFLAGS=''
CUT='/usr/bin/cut'
CYGPATH_W='echo'
DEFS='-DPACKAGE_NAME=\"gsdchem\" -DPACKAGE_TARNAME=\"gsdchem\" -DPACKAGE_VERSION=\"0.9.0\" -DPACKAGE_STRING=\"gsdchem\ 0.9.0\" -DPACKAGE_BUGREPORT=\"raffaele.montuoro@noaa.gov\" -DPACKAGE_URL=\"\" -DPACKAGE=\"gsdchem\" -DVERSION=\"0.9.0\"'
DEPDIR='.deps'
ECHO_C=''
ECHO_N='-n'
ECHO_T=''
ESMFMKFILE='/home/lenzen/ESMF.8.0.0.BS47.S4/esmf/lib/libO/Linux.intel.64.intelmpi.default/esmf.mk'
EXEEXT=''
FC='mpiifort'
FCFLAGS='-I/home/lenzen/ESMF.8.0.0.BS47.S4/esmf//mod/modO/Linux.intel.64.intelmpi.default -I/home/lenzen/ESMF.8.0.0.BS47.S4/esmf//src/include -I/opt/netcdf4/4.6.2-intel-18.0.3/include  -g -O2 -fp-model source -ftz -align array64byte -xCORE-AVX2 -qno-opt-dynamic-align'
FCFLAGS_F90=''
FC_MODEXT='mod'
FC_MODINC='-I'
GREP='/usr/bin/grep'
INSTALL_DATA='${INSTALL} -m 644'
INSTALL_PROGRAM='${INSTALL}'
INSTALL_SCRIPT='${INSTALL}'
INSTALL_STRIP_PROGRAM='$(install_sh) -c -s'
LDFLAGS=''
LIBOBJS=''
LIBS=''
LTLIBOBJS=''
MAINT='#'
MAINTAINER_MODE_FALSE=''
MAINTAINER_MODE_TRUE='#'
MAKEINFO='${SHELL} /home/mbruckner/FV3GFS-GSDCHEM.0.9.1/GSDCHEM/build-aux/missing makeinfo'
MKDIR_P='/usr/bin/mkdir -p'
OBJEXT='o'
PACKAGE='gsdchem'
PACKAGE_BUGREPORT='raffaele.montuoro@noaa.gov'
PACKAGE_NAME='gsdchem'
PACKAGE_STRING='gsdchem 0.9.0'
PACKAGE_TARNAME='gsdchem'
PACKAGE_URL=''
PACKAGE_VERSION='0.9.0'
PATH_SEPARATOR=':'
RANLIB='ranlib'
SED='/usr/bin/sed'
SET_MAKE=''
SHELL='/bin/sh'
STRIP=''
VERSION='0.9.0'
ac_ct_AR='ar'
ac_ct_CC='icc'
ac_ct_FC=''
ac_empty=''
am__EXEEXT_FALSE=''
am__EXEEXT_TRUE='#'
am__fastdepCC_FALSE=''
am__fastdepCC_TRUE='#'
am__include='include'
am__isrc=''
am__leading_dot='.'
am__nodep='_no'
am__quote=''
am__tar='$${TAR-tar} chof - "$$tardir"'
am__untar='$${TAR-tar} xf -'
bindir='${exec_prefix}/bin'
build_alias=''
datadir='${datarootdir}'
datarootdir='/home/mbruckner/FV3GFS-GSDCHEM.0.9.1/GSDCHEM/GSDCHEM_INSTALL'
docdir='${datarootdir}/doc/${PACKAGE_TARNAME}'
dvidir='${docdir}'
exec_prefix='${prefix}'
host_alias=''
htmldir='${docdir}'
includedir='${prefix}/include'
infodir='${datarootdir}/info'
install_sh='${SHELL} /home/mbruckner/FV3GFS-GSDCHEM.0.9.1/GSDCHEM/build-aux/install-sh'
libdir='/home/mbruckner/FV3GFS-GSDCHEM.0.9.1/GSDCHEM/GSDCHEM_INSTALL'
libexecdir='${exec_prefix}/libexec'
localedir='${datarootdir}/locale'
localstatedir='${prefix}/var'
mandir='${datarootdir}/man'
mkdir_p='$(MKDIR_P)'
oldincludedir='/usr/include'
pdfdir='${docdir}'
prefix='/home/mbruckner/FV3GFS-GSDCHEM.0.9.1/GSDCHEM/GSDCHEM_INSTALL'
program_transform_name='s,x,x,'
psdir='${docdir}'
sbindir='${exec_prefix}/sbin'
sharedstatedir='${prefix}/com'
sysconfdir='${prefix}/etc'
target_alias=''

## ----------- ##
## confdefs.h. ##
## ----------- ##

/* confdefs.h */
#define PACKAGE_NAME "gsdchem"
#define PACKAGE_TARNAME "gsdchem"
#define PACKAGE_VERSION "0.9.0"
#define PACKAGE_STRING "gsdchem 0.9.0"
#define PACKAGE_BUGREPORT "raffaele.montuoro@noaa.gov"
#define PACKAGE_URL ""
#define PACKAGE "gsdchem"
#define VERSION "0.9.0"

configure: exit 0
